<?xml version="1.0" encoding="UTF-8"?>
<testng-results ignored="0" total="8" passed="8" failed="0" skipped="0">
  <reporter-output>
  </reporter-output>
  <suite started-at="2023-04-28T09:23:53 IST" name="All Test Suite" finished-at="2023-04-28T09:26:17 IST" duration-ms="144047">
    <groups>
    </groups>
    <test started-at="2023-04-28T09:23:53 IST" name="test2" finished-at="2023-04-28T09:26:17 IST" duration-ms="144047">
      <class name="org.lastfm.project.LastFm">
        <test-method is-config="true" signature="setUp()[pri:0, instance:org.lastfm.project.LastFm@359f7cdf]" started-at="2023-04-28T09:23:53 IST" name="setUp" finished-at="2023-04-28T09:23:53 IST" duration-ms="35" status="PASS">
          <reporter-output>
          </reporter-output>
        </test-method> <!-- setUp -->
        <test-method is-config="true" signature="setupDriver(java.lang.String,java.lang.String)[pri:0, instance:org.lastfm.project.LastFm@359f7cdf]" started-at="2023-04-28T09:23:53 IST" name="setupDriver" finished-at="2023-04-28T09:24:18 IST" duration-ms="25732" status="PASS">
          <params>
            <param index="0">
              <value>
                <![CDATA[chrome]]>
              </value>
            </param>
            <param index="1">
              <value>
                <![CDATA[https://www.last.fm/]]>
              </value>
            </param>
          </params>
          <reporter-output>
          </reporter-output>
        </test-method> <!-- setupDriver -->
        <test-method signature="LastfmFakeLoginTest()[pri:1, instance:org.lastfm.project.LastFm@359f7cdf]" started-at="2023-04-28T09:24:18 IST" name="LastfmFakeLoginTest" finished-at="2023-04-28T09:24:22 IST" duration-ms="3868" status="PASS">
          <reporter-output>
          </reporter-output>
        </test-method> <!-- LastfmFakeLoginTest -->
        <test-method signature="LastfmLoginTest()[pri:2, instance:org.lastfm.project.LastFm@359f7cdf]" started-at="2023-04-28T09:24:22 IST" name="LastfmLoginTest" finished-at="2023-04-28T09:25:01 IST" duration-ms="38959" status="PASS">
          <reporter-output>
          </reporter-output>
        </test-method> <!-- LastfmLoginTest -->
        <test-method signature="LastfmLoginTestCheck()[pri:3, instance:org.lastfm.project.LastFm@359f7cdf]" started-at="2023-04-28T09:25:01 IST" name="LastfmLoginTestCheck" finished-at="2023-04-28T09:25:05 IST" duration-ms="4197" status="PASS">
          <reporter-output>
          </reporter-output>
        </test-method> <!-- LastfmLoginTestCheck -->
        <test-method signature="LastfmAddPlaylistTest()[pri:4, instance:org.lastfm.project.LastFm@359f7cdf]" started-at="2023-04-28T09:25:05 IST" name="LastfmAddPlaylistTest" finished-at="2023-04-28T09:25:33 IST" duration-ms="27347" status="PASS">
          <reporter-output>
          </reporter-output>
        </test-method> <!-- LastfmAddPlaylistTest -->
        <test-method signature="LastfmEditDetailsOfPlayList()[pri:5, instance:org.lastfm.project.LastFm@359f7cdf]" started-at="2023-04-28T09:25:33 IST" name="LastfmEditDetailsOfPlayList" finished-at="2023-04-28T09:25:39 IST" duration-ms="6435" status="PASS">
          <reporter-output>
          </reporter-output>
        </test-method> <!-- LastfmEditDetailsOfPlayList -->
        <test-method signature="AddTrackInPlaylist()[pri:6, instance:org.lastfm.project.LastFm@359f7cdf]" started-at="2023-04-28T09:25:39 IST" name="AddTrackInPlaylist" finished-at="2023-04-28T09:25:59 IST" duration-ms="19508" status="PASS">
          <reporter-output>
          </reporter-output>
        </test-method> <!-- AddTrackInPlaylist -->
        <test-method signature="RemoveSongFromPlaylist()[pri:7, instance:org.lastfm.project.LastFm@359f7cdf]" started-at="2023-04-28T09:25:59 IST" name="RemoveSongFromPlaylist" finished-at="2023-04-28T09:26:10 IST" duration-ms="11429" status="PASS">
          <reporter-output>
          </reporter-output>
        </test-method> <!-- RemoveSongFromPlaylist -->
        <test-method signature="DeletePlaylist()[pri:8, instance:org.lastfm.project.LastFm@359f7cdf]" started-at="2023-04-28T09:26:10 IST" name="DeletePlaylist" finished-at="2023-04-28T09:26:16 IST" duration-ms="5418" status="PASS">
          <reporter-output>
          </reporter-output>
        </test-method> <!-- DeletePlaylist -->
        <test-method is-config="true" signature="tearDown()[pri:0, instance:org.lastfm.project.LastFm@359f7cdf]" started-at="2023-04-28T09:26:16 IST" name="tearDown" finished-at="2023-04-28T09:26:17 IST" duration-ms="1007" status="PASS">
          <reporter-output>
          </reporter-output>
        </test-method> <!-- tearDown -->
      </class> <!-- org.lastfm.project.LastFm -->
    </test> <!-- test2 -->
  </suite> <!-- All Test Suite -->
</testng-results>
