<?xml version="1.0" encoding="UTF-8"?>
<!-- Generated by org.testng.reporters.JUnitXMLReporter -->
<testsuite ignored="0" hostname="LAPTOP-NB7G8SV3" failures="0" tests="8" name="test2" time="144.047" errors="0" timestamp="2023-04-28T09:26:17 IST">
  <testcase classname="org.lastfm.project.LastFm" name="LastfmFakeLoginTest" time="3.868"/>
  <testcase classname="org.lastfm.project.LastFm" name="LastfmLoginTest" time="38.959"/>
  <testcase classname="org.lastfm.project.LastFm" name="LastfmLoginTestCheck" time="4.197"/>
  <testcase classname="org.lastfm.project.LastFm" name="LastfmAddPlaylistTest" time="27.347"/>
  <testcase classname="org.lastfm.project.LastFm" name="LastfmEditDetailsOfPlayList" time="6.435"/>
  <testcase classname="org.lastfm.project.LastFm" name="AddTrackInPlaylist" time="19.508"/>
  <testcase classname="org.lastfm.project.LastFm" name="RemoveSongFromPlaylist" time="11.429"/>
  <testcase classname="org.lastfm.project.LastFm" name="DeletePlaylist" time="5.418"/>
</testsuite> <!-- test2 -->
