<?xml version="1.0" encoding="UTF-8"?>
<!-- Generated by org.testng.reporters.JUnitXMLReporter -->
<testsuite ignored="0" hostname="DESKTOP-IQUBR8Q" failures="0" tests="8" name="test2" time="155.007" errors="0" timestamp="2023-04-25T22:14:54 IST">
  <testcase classname="org.lastfm.project.LastFm" name="LastfmFakeLoginTest" time="3.853"/>
  <testcase classname="org.lastfm.project.LastFm" name="LastfmLoginTest" time="50.644"/>
  <testcase classname="org.lastfm.project.LastFm" name="LastfmLoginTestCheck" time="4.162"/>
  <testcase classname="org.lastfm.project.LastFm" name="LastfmAddPlaylistTest" time="18.205"/>
  <testcase classname="org.lastfm.project.LastFm" name="LastfmEditDetailsOfPlayList" time="6.342"/>
  <testcase classname="org.lastfm.project.LastFm" name="AddTrackInPlaylist" time="19.874"/>
  <testcase classname="org.lastfm.project.LastFm" name="RemoveSongFromPlaylist" time="11.332"/>
  <testcase classname="org.lastfm.project.LastFm" name="DeletePlaylist" time="5.291"/>
</testsuite> <!-- test2 -->
